<?xml version="1.0" encoding="UTF-8"?>
<!-- Generated by org.testng.reporters.JUnitXMLReporter -->
<testsuite ignored="0" hostname="DESKTOP-VFU7UBS" failures="1" tests="1" name="Test3" time="0.093" errors="0" timestamp="2023-08-10T16:06:53 IST">
  <testcase classname="Chaining.UpdateUSer" name="test_UpdateUser" time="0.086">
    <failure type="java.lang.NullPointerException" message="Cannot invoke &amp;quot;java.lang.Integer.intValue()&amp;quot; because the return value of &amp;quot;org.testng.ISuite.getAttribute(String)&amp;quot; is null">
      <![CDATA[java.lang.NullPointerException: Cannot invoke "java.lang.Integer.intValue()" because the return value of "org.testng.ISuite.getAttribute(String)" is null
at Chaining.UpdateUSer.test_UpdateUser(UpdateUSer.java:35)
at java.base/java.util.ArrayList.forEach(ArrayList.java:1511)
... Removed 27 stack frames]]>
    </failure>
  </testcase> <!-- test_UpdateUser -->
</testsuite> <!-- Test3 -->
