<?xml version="1.0" encoding="UTF-8"?>
<testng-results ignored="0" total="1" passed="1" failed="0" skipped="0">
  <reporter-output>
  </reporter-output>
  <suite started-at="2023-08-10T18:18:00 IST" name="Default suite" finished-at="2023-08-10T18:18:02 IST" duration-ms="2040">
    <groups>
    </groups>
    <test started-at="2023-08-10T18:18:00 IST" name="Default test" finished-at="2023-08-10T18:18:02 IST" duration-ms="2040">
      <class name="XMLResponse.AdditionalValidationForXMLResponse">
        <test-method signature="testXMLResponseBody()[pri:0, instance:XMLResponse.AdditionalValidationForXMLResponse@45b4c3a9]" started-at="2023-08-10T18:18:00 IST" name="testXMLResponseBody" finished-at="2023-08-10T18:18:02 IST" duration-ms="1976" status="PASS">
          <reporter-output>
          </reporter-output>
        </test-method> <!-- testXMLResponseBody -->
      </class> <!-- XMLResponse.AdditionalValidationForXMLResponse -->
    </test> <!-- Default test -->
  </suite> <!-- Default suite -->
</testng-results>
